[33mCMake Warning (dev) at /usr/share/cmake-3.22/Modules/FindPackageHandleStandardArgs.cmake:438 (message):
  The package name passed to `find_package_handle_standard_args` (PkgConfig)
  does not match the name of the calling package (gazebo).  This can lead to
  problems in calling code that expects `find_package` result variables
  (e.g., `_FOUND`) to follow a certain pattern.
Call Stack (most recent call first):
  /usr/share/cmake-3.22/Modules/FindPkgConfig.cmake:99 (find_package_handle_standard_args)
  /usr/lib/x86_64-linux-gnu/cmake/gazebo/gazebo-config.cmake:72 (include)
  /home/jezzy/huskybot/install/gazebo_dev/share/gazebo_dev/cmake/gazebo_dev-extras.cmake:2 (find_package)
  /home/jezzy/huskybot/install/gazebo_dev/share/gazebo_dev/cmake/gazebo_devConfig.cmake:41 (include)
  CMakeLists.txt:26 (find_package)
This warning is for project developers.  Use -Wno-dev to suppress it.
[0m
/usr/bin/ld: CMakeFiles/test_gazebo_ros_factory.dir/test_gazebo_ros_factory.cpp.o: undefined reference to symbol '_ZN3tbb6detail2r114notify_waitersEm'
/usr/bin/ld: /lib/x86_64-linux-gnu/libtbb.so.12: error adding symbols: DSO missing from command line
collect2: error: ld returned 1 exit status
gmake[2]: *** [test/CMakeFiles/test_gazebo_ros_factory.dir/build.make:254: test/test_gazebo_ros_factory] Error 1
gmake[1]: *** [CMakeFiles/Makefile2:621: test/CMakeFiles/test_gazebo_ros_factory.dir/all] Error 2
gmake[1]: *** Waiting for unfinished jobs....
/usr/bin/ld: CMakeFiles/test_gazebo_ros_init.dir/test_gazebo_ros_init.cpp.o: undefined reference to symbol '_ZN3tbb6detail2r114notify_waitersEm'
/usr/bin/ld: /lib/x86_64-linux-gnu/libtbb.so.12: error adding symbols: DSO missing from command line
collect2: error: ld returned 1 exit status
gmake[2]: *** [test/CMakeFiles/test_gazebo_ros_init.dir/build.make:254: test/test_gazebo_ros_init] Error 1
gmake[1]: *** [CMakeFiles/Makefile2:650: test/CMakeFiles/test_gazebo_ros_init.dir/all] Error 2
/usr/bin/ld: CMakeFiles/test_gazebo_ros_link_wrench.dir/test_gazebo_ros_link_wrench.cpp.o: undefined reference to symbol '_ZN3tbb6detail2r114notify_waitersEm'
/usr/bin/ld: /lib/x86_64-linux-gnu/libtbb.so.12: error adding symbols: DSO missing from command line
collect2: error: ld returned 1 exit status
gmake[2]: *** [test/CMakeFiles/test_gazebo_ros_link_wrench.dir/build.make:254: test/test_gazebo_ros_link_wrench] Error 1
gmake[1]: *** [CMakeFiles/Makefile2:708: test/CMakeFiles/test_gazebo_ros_link_wrench.dir/all] Error 2
/usr/bin/ld: CMakeFiles/test_gazebo_ros_joint_effort.dir/test_gazebo_ros_joint_effort.cpp.o: undefined reference to symbol '_ZN3tbb6detail2r114notify_waitersEm'
/usr/bin/ld: /lib/x86_64-linux-gnu/libtbb.so.12: error adding symbols: DSO missing from command line
collect2: error: ld returned 1 exit status
gmake[2]: *** [test/CMakeFiles/test_gazebo_ros_joint_effort.dir/build.make:254: test/test_gazebo_ros_joint_effort] Error 1
gmake[1]: *** [CMakeFiles/Makefile2:679: test/CMakeFiles/test_gazebo_ros_joint_effort.dir/all] Error 2
gmake: *** [Makefile:146: all] Error 2
