[0.387s] Invoking command in '/home/jezzy/huskybot/build/gazebo_ros': AMENT_PREFIX_PATH=/home/jezzy/huskybot/install/gazebo_msgs:/home/jezzy/huskybot/install/gazebo_dev:${AMENT_PREFIX_PATH} CMAKE_PREFIX_PATH=/home/jezzy/huskybot/install/gazebo_msgs:/home/jezzy/huskybot/install/gazebo_dev:/home/jezzy/huskybot/install/huskybot_recognition:/home/jezzy/huskybot/install/yolov12_msgs:/home/jezzy/huskybot/install/velodyne:/home/jezzy/huskybot/install/velodyne_pointcloud:/home/jezzy/huskybot/install/velodyne_driver:/home/jezzy/huskybot/install/velodyne_msgs:/home/jezzy/huskybot/install/velodyne_laserscan:/home/jezzy/huskybot/install/huskybot_mapping:/home/jezzy/huskybot/install/huskybot_gazebo:/home/jezzy/huskybot/install/huskybot_description:/home/jezzy/huskybot/install/huskybot_control:/home/jezzy/huskybot/install/husky_description:/home/jezzy/huskybot/install/husky_custom_description:/home/jezzy/husky_ws/turtlebot3/install/turtlebot3:/home/jezzy/husky_ws/turtlebot3/install/turtlebot3_simulations:/home/jezzy/husky_ws/turtlebot3/install/turtlebot3_bringup:/home/jezzy/husky_ws/turtlebot3/install/turtlebot3_node:/home/jezzy/husky_ws/turtlebot3/install/turtlebot3_navigation2:/home/jezzy/husky_ws/turtlebot3/install/turtlebot3_fake_node:/home/jezzy/husky_ws/turtlebot3/install/turtlebot3_msgs:/home/jezzy/husky_ws/turtlebot3/install/turtlebot3_gazebo:/home/jezzy/husky_ws/turtlebot3/install/turtlebot3_description:/home/jezzy/husky_ws/turtlebot3/install/turtlebot3_cartographer:/home/jezzy/husky_ws/turtlebot3/install/dynamixel_sdk_examples:/home/jezzy/husky_ws/turtlebot3/install/dynamixel_sdk_custom_interfaces:/home/jezzy/husky_ws/turtlebot3/install/dynamixel_sdk:/home/jezzy/huskybot/install/huskybot_fusion:/home/jezzy/huskybot/install/huskybot_navigation:/home/jezzy/husky_ws/turtlebot3/install/turtlebot3_teleop:/home/jezzy/husky_ws/turtlebot3/install/turtlebot3_example:/home/jezzy/husky_ws/turtlebot3/install/segtect:/home/jezzy/husky_ws/turtlebot3/install/autonomous_exploration:/home/jezzy/husky_ws/lintic/install/yolosed:/home/jezzy/husky_ws/lintic/install/visual:/home/jezzy/husky_ws/lintic/install/segnet:/opt/ros/humble LD_LIBRARY_PATH=/home/jezzy/huskybot/install/gazebo_msgs/lib:/home/jezzy/huskybot/install/yolov12_msgs/lib:/home/jezzy/huskybot/install/velodyne_pointcloud/lib:/home/jezzy/huskybot/install/velodyne_driver/lib:/home/jezzy/huskybot/install/velodyne_msgs/lib:/home/jezzy/huskybot/install/velodyne_laserscan/lib:/home/jezzy/husky_ws/turtlebot3/install/turtlebot3_msgs/lib:/home/jezzy/husky_ws/turtlebot3/install/dynamixel_sdk_custom_interfaces/lib:/home/jezzy/husky_ws/turtlebot3/install/dynamixel_sdk/lib:/usr/lib/x86_64-linux-gnu/gazebo-11/plugins:/opt/ros/humble/opt/rviz_ogre_vendor/lib:/opt/ros/humble/lib/x86_64-linux-gnu:/opt/ros/humble/lib:/usr/share/gazebo/../../lib/x86_64-linux-gnu/gazebo-11/plugins PYTHONPATH=/home/jezzy/huskybot/install/gazebo_msgs/local/lib/python3.10/dist-packages:${PYTHONPATH} /usr/bin/cmake /home/jezzy/huskybot/src/gazebo_ros_pkgs/gazebo_ros -DCMAKE_INSTALL_PREFIX=/home/jezzy/huskybot/install/gazebo_ros
[0.715s] -- The C compiler identification is GNU 11.4.0
[2.086s] -- The CXX compiler identification is GNU 11.4.0
[3.117s] -- Detecting C compiler ABI info
[3.471s] -- Detecting C compiler ABI info - done
[3.483s] -- Check for working C compiler: /usr/bin/cc - skipped
[3.484s] -- Detecting C compile features
[3.484s] -- Detecting C compile features - done
[3.489s] -- Detecting CXX compiler ABI info
[3.897s] -- Detecting CXX compiler ABI info - done
[3.911s] -- Check for working CXX compiler: /usr/bin/c++ - skipped
[3.911s] -- Detecting CXX compile features
[3.912s] -- Detecting CXX compile features - done
[3.922s] -- Found ament_cmake: 1.3.11 (/opt/ros/humble/share/ament_cmake/cmake)
[4.227s] -- Found Python3: /usr/bin/python3 (found version "3.10.12") found components: Interpreter 
[4.481s] -- Found builtin_interfaces: 1.2.1 (/opt/ros/humble/share/builtin_interfaces/cmake)
[4.920s] -- Found rosidl_generator_c: 3.1.6 (/opt/ros/humble/share/rosidl_generator_c/cmake)
[4.941s] -- Found rosidl_adapter: 3.1.6 (/opt/ros/humble/share/rosidl_adapter/cmake)
[4.967s] -- Found rosidl_generator_cpp: 3.1.6 (/opt/ros/humble/share/rosidl_generator_cpp/cmake)
[5.002s] -- Using all available rosidl_typesupport_c: rosidl_typesupport_fastrtps_c;rosidl_typesupport_introspection_c
[5.049s] -- Using all available rosidl_typesupport_cpp: rosidl_typesupport_fastrtps_cpp;rosidl_typesupport_introspection_cpp
[5.088s] -- Found gazebo_dev: 3.5.2 (/home/jezzy/huskybot/install/gazebo_dev/share/gazebo_dev/cmake)
[5.129s] [33mCMake Warning (dev) at /usr/share/cmake-3.22/Modules/FindPackageHandleStandardArgs.cmake:438 (message):
[5.129s]   The package name passed to `find_package_handle_standard_args` (PkgConfig)
[5.130s]   does not match the name of the calling package (gazebo).  This can lead to
[5.130s]   problems in calling code that expects `find_package` result variables
[5.130s]   (e.g., `_FOUND`) to follow a certain pattern.
[5.130s] Call Stack (most recent call first):
[5.130s]   /usr/share/cmake-3.22/Modules/FindPkgConfig.cmake:99 (find_package_handle_standard_args)
[5.130s]   /usr/lib/x86_64-linux-gnu/cmake/gazebo/gazebo-config.cmake:72 (include)
[5.131s]   /home/jezzy/huskybot/install/gazebo_dev/share/gazebo_dev/cmake/gazebo_dev-extras.cmake:2 (find_package)
[5.131s]   /home/jezzy/huskybot/install/gazebo_dev/share/gazebo_dev/cmake/gazebo_devConfig.cmake:41 (include)
[5.131s]   CMakeLists.txt:26 (find_package)
[5.131s] This warning is for project developers.  Use -Wno-dev to suppress it.
[5.131s] [0m
[5.132s] -- Found PkgConfig: /usr/bin/pkg-config (found version "0.29.2") 
[5.132s] -- Checking for module 'bullet>=2.82'
[5.159s] --   Found bullet, version 3.05
[5.509s] -- Found fcl: /usr/include (found suitable version "0.7.0", minimum required is "0.5.0") 
[5.607s] -- Found assimp: /usr/include (found version "5.2.0") 
[5.682s] -- Found DART: /usr/include (Required is at least version "6.6") found components: dart 
[6.533s] -- Found Boost: /usr/lib/x86_64-linux-gnu/cmake/Boost-1.74.0/BoostConfig.cmake (found suitable version "1.74.0", minimum required is "1.40.0") found components: thread system filesystem program_options regex iostreams date_time 
[7.768s] -- Found Protobuf: /usr/lib/x86_64-linux-gnu/libprotobuf.so (found version "3.12.4") 
[7.795s] -- Looking for ignition-math6 -- found version 6.15.1
[7.829s] -- Searching for dependencies of ignition-math6
[7.837s] -- Looking for OGRE...
[7.838s] -- OGRE_PREFIX_WATCH changed.
[7.847s] -- Checking for module 'OGRE'
[7.873s] --   Found OGRE, version 1.9.0
[7.941s] -- Found Ogre Ghadamon (1.9.0)
[9.194s] -- Found OGRE: optimized;/usr/lib/x86_64-linux-gnu/libOgreMain.so;debug;/usr/lib/x86_64-linux-gnu/libOgreMain.so
[9.210s] -- Looking for OGRE_Paging...
[10.393s] -- Found OGRE_Paging: optimized;/usr/lib/x86_64-linux-gnu/libOgrePaging.so;debug;/usr/lib/x86_64-linux-gnu/libOgrePaging.so
[10.393s] -- Looking for OGRE_Terrain...
[11.574s] -- Found OGRE_Terrain: optimized;/usr/lib/x86_64-linux-gnu/libOgreTerrain.so;debug;/usr/lib/x86_64-linux-gnu/libOgreTerrain.so
[11.575s] -- Looking for OGRE_Property...
[12.729s] -- Found OGRE_Property: optimized;/usr/lib/x86_64-linux-gnu/libOgreProperty.so;debug;/usr/lib/x86_64-linux-gnu/libOgreProperty.so
[12.729s] -- Looking for OGRE_RTShaderSystem...
[13.879s] -- Found OGRE_RTShaderSystem: optimized;/usr/lib/x86_64-linux-gnu/libOgreRTShaderSystem.so;debug;/usr/lib/x86_64-linux-gnu/libOgreRTShaderSystem.so
[13.879s] -- Looking for OGRE_Volume...
[14.908s] -- Found OGRE_Volume: optimized;/usr/lib/x86_64-linux-gnu/libOgreVolume.so;debug;/usr/lib/x86_64-linux-gnu/libOgreVolume.so
[14.908s] -- Looking for OGRE_Overlay...
[16.090s] -- Found OGRE_Overlay: optimized;/usr/lib/x86_64-linux-gnu/libOgreOverlay.so;debug;/usr/lib/x86_64-linux-gnu/libOgreOverlay.so
[76.068s] -- Looking for ignition-math6 -- found version 6.15.1
[76.084s] -- Looking for ignition-transport8 -- found version 8.2.1
[76.085s] -- Searching for dependencies of ignition-transport8
[79.418s] -- Found Protobuf: /usr/lib/x86_64-linux-gnu/libprotobuf.so (found suitable version "3.12.4", minimum required is "3") 
[82.437s] -- Config-file not installed for ZeroMQ -- checking for pkg-config
[82.447s] -- Checking for module 'libzmq >= 4'
[82.479s] --   Found libzmq , version 4.3.4
[82.545s] -- Found ZeroMQ: TRUE (Required is at least version "4") 
[82.650s] -- Checking for module 'uuid'
[82.679s] --   Found uuid, version 2.37.2
[82.739s] -- Found UUID: TRUE  
[82.751s] -- Looking for ignition-msgs5 -- found version 5.8.1
[82.752s] -- Searching for dependencies of ignition-msgs5
[86.080s] -- Looking for ignition-math6 -- found version 6.15.1
[86.090s] -- Checking for module 'tinyxml2'
[86.117s] --   Found tinyxml2, version 9.0.0
[86.185s] -- Looking for ignition-msgs5 -- found version 5.8.1
[86.200s] -- Looking for ignition-common3 -- found version 3.14.0
[86.201s] -- Searching for dependencies of ignition-common3
[86.328s] -- Looking for dlfcn.h - found
[86.447s] -- Looking for libdl - found
[86.449s] -- Found DL: TRUE  
[86.703s] -- Found tinyobjloader: /usr/lib/x86_64-linux-gnu/cmake/tinyobjloader/tinyobjloader-config.cmake (found version "2.0.0") 
[86.705s] -- Searching for <ignition-common3> component [graphics]
[86.715s] -- Looking for ignition-common3-graphics -- found version 3.14.0
[86.716s] -- Searching for dependencies of ignition-common3-graphics
[86.716s] -- Looking for ignition-math6 -- found version 6.15.1
[86.731s] -- Looking for ignition-fuel_tools4 -- found version 4.4.0
[86.732s] -- Searching for dependencies of ignition-fuel_tools4
[90.874s] -- Found CURL: /usr/lib/x86_64-linux-gnu/libcurl.so (found version "7.81.0")  
[90.914s] -- Checking for module 'jsoncpp'
[90.952s] --   Found jsoncpp, version 1.9.5
[91.024s] -- Found JSONCPP: TRUE  
[91.041s] -- Checking for module 'libzip'
[91.069s] --   Found libzip, version 1.7.3
[91.128s] -- Found ZIP: TRUE  
[91.129s] -- Looking for ignition-common3 -- found version 3.14.0
[91.130s] -- Looking for ignition-math6 -- found version 6.15.1
[91.131s] -- Looking for ignition-msgs5 -- found version 5.8.1
[91.148s] -- Gazebo version: 11.10
[91.149s] -- Found gazebo_msgs: 3.5.2 (/home/jezzy/huskybot/install/gazebo_msgs/share/gazebo_msgs/cmake)
[91.359s] -- Found rcl: 5.3.9 (/opt/ros/humble/share/rcl/cmake)
[91.464s] -- Found rmw_implementation_cmake: 6.1.2 (/opt/ros/humble/share/rmw_implementation_cmake/cmake)
[91.476s] -- Found rmw_fastrtps_cpp: 6.2.7 (/opt/ros/humble/share/rmw_fastrtps_cpp/cmake)
[95.114s] -- Found OpenSSL: /usr/lib/x86_64-linux-gnu/libcrypto.so (found version "3.0.2")  
[98.819s] -- Found FastRTPS: /opt/ros/humble/include  
[105.341s] -- Using RMW implementation 'rmw_fastrtps_cpp' as default
[105.383s] -- Found Threads: TRUE  
[105.406s] -- Found rclcpp: 16.0.12 (/opt/ros/humble/share/rclcpp/cmake)
[105.511s] -- Found std_srvs: 4.8.0 (/opt/ros/humble/share/std_srvs/cmake)
[105.553s] -- Found tinyxml_vendor: 0.8.3 (/opt/ros/humble/share/tinyxml_vendor/cmake)
[105.888s] -- Found ament_cmake_gtest: 1.3.11 (/opt/ros/humble/share/ament_cmake_gtest/cmake)
[105.902s] -- Found launch_testing_ament_cmake: 1.0.8 (/opt/ros/humble/share/launch_testing_ament_cmake/cmake)
[105.911s] -- Found python_cmake_module: 0.10.0 (/opt/ros/humble/share/python_cmake_module/cmake)
[106.310s] -- Found PythonInterp: /usr/bin/python3 (found suitable version "3.10.12", minimum required is "3.6") 
[107.465s] -- Found PythonLibs: /usr/lib/x86_64-linux-gnu/libpython3.10.so (found suitable version "3.10.12", minimum required is "3.5") 
[107.465s] -- Using PYTHON_EXECUTABLE: /usr/bin/python3
[107.465s] -- Using PYTHON_INCLUDE_DIRS: /usr/include/python3.10
[107.465s] -- Using PYTHON_LIBRARIES: /usr/lib/x86_64-linux-gnu/libpython3.10.so
[107.506s] -- Found PythonExtra: .so  
[107.517s] -- Found sensor_msgs: 4.8.0 (/opt/ros/humble/share/sensor_msgs/cmake)
[107.671s] -- Found gtest sources under '/opt/ros/humble/src/gtest_vendor': C++ tests using 'Google Test' will be built
[108.108s] -- Found ament_lint_auto: 0.12.12 (/opt/ros/humble/share/ament_lint_auto/cmake)
[108.308s] -- Found python_cmake_module: 0.10.0 (/opt/ros/humble/share/python_cmake_module/cmake)
[108.350s] -- Using PYTHON_EXECUTABLE: /usr/bin/python3
[108.351s] -- Using PYTHON_INCLUDE_DIRS: /usr/include/python3.10
[108.351s] -- Using PYTHON_LIBRARIES: /usr/lib/x86_64-linux-gnu/libpython3.10.so
[111.774s] -- Added test 'copyright' to check source files copyright and LICENSE
[111.782s] -- Added test 'cppcheck' to perform static code analysis on C / C++ code
[111.784s] -- Configured cppcheck include dirs: $<BUILD_INTERFACE:/home/jezzy/huskybot/src/gazebo_ros_pkgs/gazebo_ros/include>
[111.784s] -- Configured cppcheck exclude dirs and/or files: 
[111.792s] -- Added test 'cpplint' to check C / C++ code against the Google style
[111.792s] -- Configured cpplint exclude dirs and/or files: 
[111.795s] -- Added test 'flake8' to check Python code syntax and style conventions
[111.798s] -- Added test 'lint_cmake' to check CMake code style
[111.801s] -- Added test 'pep257' to check Python code against some of the docstring style conventions in PEP 257
[111.809s] -- Added test 'uncrustify' to check C / C++ code style
[111.810s] -- Configured uncrustify additional arguments: 
[111.812s] -- Added test 'xmllint' to check XML markup files
[111.818s] -- Configuring done
[112.540s] -- Generating done
[112.645s] -- Build files have been written to: /home/jezzy/huskybot/build/gazebo_ros
[112.677s] Invoked command in '/home/jezzy/huskybot/build/gazebo_ros' returned '0': AMENT_PREFIX_PATH=/home/jezzy/huskybot/install/gazebo_msgs:/home/jezzy/huskybot/install/gazebo_dev:${AMENT_PREFIX_PATH} CMAKE_PREFIX_PATH=/home/jezzy/huskybot/install/gazebo_msgs:/home/jezzy/huskybot/install/gazebo_dev:/home/jezzy/huskybot/install/huskybot_recognition:/home/jezzy/huskybot/install/yolov12_msgs:/home/jezzy/huskybot/install/velodyne:/home/jezzy/huskybot/install/velodyne_pointcloud:/home/jezzy/huskybot/install/velodyne_driver:/home/jezzy/huskybot/install/velodyne_msgs:/home/jezzy/huskybot/install/velodyne_laserscan:/home/jezzy/huskybot/install/huskybot_mapping:/home/jezzy/huskybot/install/huskybot_gazebo:/home/jezzy/huskybot/install/huskybot_description:/home/jezzy/huskybot/install/huskybot_control:/home/jezzy/huskybot/install/husky_description:/home/jezzy/huskybot/install/husky_custom_description:/home/jezzy/husky_ws/turtlebot3/install/turtlebot3:/home/jezzy/husky_ws/turtlebot3/install/turtlebot3_simulations:/home/jezzy/husky_ws/turtlebot3/install/turtlebot3_bringup:/home/jezzy/husky_ws/turtlebot3/install/turtlebot3_node:/home/jezzy/husky_ws/turtlebot3/install/turtlebot3_navigation2:/home/jezzy/husky_ws/turtlebot3/install/turtlebot3_fake_node:/home/jezzy/husky_ws/turtlebot3/install/turtlebot3_msgs:/home/jezzy/husky_ws/turtlebot3/install/turtlebot3_gazebo:/home/jezzy/husky_ws/turtlebot3/install/turtlebot3_description:/home/jezzy/husky_ws/turtlebot3/install/turtlebot3_cartographer:/home/jezzy/husky_ws/turtlebot3/install/dynamixel_sdk_examples:/home/jezzy/husky_ws/turtlebot3/install/dynamixel_sdk_custom_interfaces:/home/jezzy/husky_ws/turtlebot3/install/dynamixel_sdk:/home/jezzy/huskybot/install/huskybot_fusion:/home/jezzy/huskybot/install/huskybot_navigation:/home/jezzy/husky_ws/turtlebot3/install/turtlebot3_teleop:/home/jezzy/husky_ws/turtlebot3/install/turtlebot3_example:/home/jezzy/husky_ws/turtlebot3/install/segtect:/home/jezzy/husky_ws/turtlebot3/install/autonomous_exploration:/home/jezzy/husky_ws/lintic/install/yolosed:/home/jezzy/husky_ws/lintic/install/visual:/home/jezzy/husky_ws/lintic/install/segnet:/opt/ros/humble LD_LIBRARY_PATH=/home/jezzy/huskybot/install/gazebo_msgs/lib:/home/jezzy/huskybot/install/yolov12_msgs/lib:/home/jezzy/huskybot/install/velodyne_pointcloud/lib:/home/jezzy/huskybot/install/velodyne_driver/lib:/home/jezzy/huskybot/install/velodyne_msgs/lib:/home/jezzy/huskybot/install/velodyne_laserscan/lib:/home/jezzy/husky_ws/turtlebot3/install/turtlebot3_msgs/lib:/home/jezzy/husky_ws/turtlebot3/install/dynamixel_sdk_custom_interfaces/lib:/home/jezzy/husky_ws/turtlebot3/install/dynamixel_sdk/lib:/usr/lib/x86_64-linux-gnu/gazebo-11/plugins:/opt/ros/humble/opt/rviz_ogre_vendor/lib:/opt/ros/humble/lib/x86_64-linux-gnu:/opt/ros/humble/lib:/usr/share/gazebo/../../lib/x86_64-linux-gnu/gazebo-11/plugins PYTHONPATH=/home/jezzy/huskybot/install/gazebo_msgs/local/lib/python3.10/dist-packages:${PYTHONPATH} /usr/bin/cmake /home/jezzy/huskybot/src/gazebo_ros_pkgs/gazebo_ros -DCMAKE_INSTALL_PREFIX=/home/jezzy/huskybot/install/gazebo_ros
[112.681s] Invoking command in '/home/jezzy/huskybot/build/gazebo_ros': AMENT_PREFIX_PATH=/home/jezzy/huskybot/install/gazebo_msgs:/home/jezzy/huskybot/install/gazebo_dev:${AMENT_PREFIX_PATH} CMAKE_PREFIX_PATH=/home/jezzy/huskybot/install/gazebo_msgs:/home/jezzy/huskybot/install/gazebo_dev:/home/jezzy/huskybot/install/huskybot_recognition:/home/jezzy/huskybot/install/yolov12_msgs:/home/jezzy/huskybot/install/velodyne:/home/jezzy/huskybot/install/velodyne_pointcloud:/home/jezzy/huskybot/install/velodyne_driver:/home/jezzy/huskybot/install/velodyne_msgs:/home/jezzy/huskybot/install/velodyne_laserscan:/home/jezzy/huskybot/install/huskybot_mapping:/home/jezzy/huskybot/install/huskybot_gazebo:/home/jezzy/huskybot/install/huskybot_description:/home/jezzy/huskybot/install/huskybot_control:/home/jezzy/huskybot/install/husky_description:/home/jezzy/huskybot/install/husky_custom_description:/home/jezzy/husky_ws/turtlebot3/install/turtlebot3:/home/jezzy/husky_ws/turtlebot3/install/turtlebot3_simulations:/home/jezzy/husky_ws/turtlebot3/install/turtlebot3_bringup:/home/jezzy/husky_ws/turtlebot3/install/turtlebot3_node:/home/jezzy/husky_ws/turtlebot3/install/turtlebot3_navigation2:/home/jezzy/husky_ws/turtlebot3/install/turtlebot3_fake_node:/home/jezzy/husky_ws/turtlebot3/install/turtlebot3_msgs:/home/jezzy/husky_ws/turtlebot3/install/turtlebot3_gazebo:/home/jezzy/husky_ws/turtlebot3/install/turtlebot3_description:/home/jezzy/husky_ws/turtlebot3/install/turtlebot3_cartographer:/home/jezzy/husky_ws/turtlebot3/install/dynamixel_sdk_examples:/home/jezzy/husky_ws/turtlebot3/install/dynamixel_sdk_custom_interfaces:/home/jezzy/husky_ws/turtlebot3/install/dynamixel_sdk:/home/jezzy/huskybot/install/huskybot_fusion:/home/jezzy/huskybot/install/huskybot_navigation:/home/jezzy/husky_ws/turtlebot3/install/turtlebot3_teleop:/home/jezzy/husky_ws/turtlebot3/install/turtlebot3_example:/home/jezzy/husky_ws/turtlebot3/install/segtect:/home/jezzy/husky_ws/turtlebot3/install/autonomous_exploration:/home/jezzy/husky_ws/lintic/install/yolosed:/home/jezzy/husky_ws/lintic/install/visual:/home/jezzy/husky_ws/lintic/install/segnet:/opt/ros/humble LD_LIBRARY_PATH=/home/jezzy/huskybot/install/gazebo_msgs/lib:/home/jezzy/huskybot/install/yolov12_msgs/lib:/home/jezzy/huskybot/install/velodyne_pointcloud/lib:/home/jezzy/huskybot/install/velodyne_driver/lib:/home/jezzy/huskybot/install/velodyne_msgs/lib:/home/jezzy/huskybot/install/velodyne_laserscan/lib:/home/jezzy/husky_ws/turtlebot3/install/turtlebot3_msgs/lib:/home/jezzy/husky_ws/turtlebot3/install/dynamixel_sdk_custom_interfaces/lib:/home/jezzy/husky_ws/turtlebot3/install/dynamixel_sdk/lib:/usr/lib/x86_64-linux-gnu/gazebo-11/plugins:/opt/ros/humble/opt/rviz_ogre_vendor/lib:/opt/ros/humble/lib/x86_64-linux-gnu:/opt/ros/humble/lib:/usr/share/gazebo/../../lib/x86_64-linux-gnu/gazebo-11/plugins PYTHONPATH=/home/jezzy/huskybot/install/gazebo_msgs/local/lib/python3.10/dist-packages:${PYTHONPATH} /usr/bin/cmake --build /home/jezzy/huskybot/build/gazebo_ros -- -j4 -l4
[112.790s] [  1%] [32mBuilding CXX object gtest/CMakeFiles/gtest_main.dir/src/gtest_main.cc.o[0m
[112.793s] [  3%] [32mBuilding CXX object CMakeFiles/gazebo_ros_node.dir/src/executor.cpp.o[0m
[112.801s] [  5%] [32mBuilding CXX object CMakeFiles/gazebo_ros_utils.dir/src/utils.cpp.o[0m
[112.809s] [  5%] Built target ament_cmake_python_copy_scripts
[112.866s] [  6%] [32mBuilding CXX object gtest/CMakeFiles/gtest.dir/src/gtest-all.cc.o[0m
[114.611s] [  8%] [32m[1mLinking CXX static library libgtest_main.a[0m
[114.689s] [  8%] Built target gtest_main
[114.740s] [ 10%] [32mBuilding CXX object test/CMakeFiles/mock_robot_state_publisher.dir/mock_robot_state_publisher/robot_state_publisher.cpp.o[0m
[121.928s] [ 12%] [32m[1mLinking CXX static library libgtest.a[0m
[122.083s] [ 12%] Built target gtest
[122.141s] [ 13%] [32mBuilding CXX object test/CMakeFiles/mock_gazebo_ros_factory.dir/mock_gazebo_ros_factory/gazebo_ros_factory.cpp.o[0m
[128.052s] [ 15%] [32m[1mLinking CXX executable mock_robot_state_publisher[0m
[129.317s] [ 15%] Built target mock_robot_state_publisher
[129.346s] [ 17%] [32mBuilding CXX object CMakeFiles/gazebo_ros_node.dir/src/node.cpp.o[0m
[133.756s] [ 18%] [32m[1mLinking CXX executable mock_gazebo_ros_factory[0m
[134.651s] [ 18%] Built target mock_gazebo_ros_factory
[135.597s] running egg_info
[135.598s] creating scripts.egg-info
[135.600s] writing scripts.egg-info/PKG-INFO
[135.601s] writing dependency_links to scripts.egg-info/dependency_links.txt
[135.602s] writing top-level names to scripts.egg-info/top_level.txt
[135.604s] writing manifest file 'scripts.egg-info/SOURCES.txt'
[135.610s] reading manifest file 'scripts.egg-info/SOURCES.txt'
[135.612s] writing manifest file 'scripts.egg-info/SOURCES.txt'
[135.694s] [ 18%] Built target ament_cmake_python_build_scripts_egg
[135.719s] [ 20%] [32mBuilding CXX object CMakeFiles/gazebo_ros_node.dir/src/qos.cpp.o[0m
[139.888s] [ 22%] [32m[1mLinking CXX shared library libgazebo_ros_utils.so[0m
[141.078s] [ 22%] Built target gazebo_ros_utils
[156.908s] [ 24%] [32m[1mLinking CXX shared library libgazebo_ros_node.so[0m
[158.213s] [ 24%] Built target gazebo_ros_node
[158.290s] [ 25%] [32mBuilding CXX object CMakeFiles/gazebo_ros_init.dir/src/gazebo_ros_init.cpp.o[0m
[158.291s] [ 27%] [32mBuilding CXX object CMakeFiles/gazebo_ros_properties.dir/src/gazebo_ros_properties.cpp.o[0m
[158.297s] [ 29%] [32mBuilding CXX object CMakeFiles/gazebo_ros_factory.dir/src/gazebo_ros_factory.cpp.o[0m
[158.299s] [ 31%] [32mBuilding CXX object CMakeFiles/gazebo_ros_state.dir/src/gazebo_ros_state.cpp.o[0m
[208.143s] [ 32%] [32m[1mLinking CXX shared library libgazebo_ros_state.so[0m
[211.128s] [ 32%] Built target gazebo_ros_state
[211.205s] [ 34%] [32mBuilding CXX object CMakeFiles/gazebo_ros_force_system.dir/src/gazebo_ros_force_system.cpp.o[0m
[212.253s] [ 36%] [32m[1mLinking CXX shared library libgazebo_ros_factory.so[0m
[215.342s] [ 37%] [32m[1mLinking CXX shared library libgazebo_ros_init.so[0m
[215.599s] [ 37%] Built target gazebo_ros_factory
[215.680s] [ 39%] [32mBuilding CXX object test/CMakeFiles/args_init.dir/plugins/args_init.cpp.o[0m
[219.154s] [ 39%] Built target gazebo_ros_init
[219.256s] [ 41%] [32mBuilding CXX object test/CMakeFiles/create_node_without_init.dir/plugins/create_node_without_init.cpp.o[0m
[223.779s] [ 43%] [32m[1mLinking CXX shared library libgazebo_ros_properties.so[0m
[229.068s] [ 43%] Built target gazebo_ros_properties
[229.140s] [ 44%] [32mBuilding CXX object test/CMakeFiles/multiple_nodes.dir/plugins/multiple_nodes.cpp.o[0m
[266.565s] [ 46%] [32m[1mLinking CXX shared library libargs_init.so[0m
[267.686s] [ 48%] [32m[1mLinking CXX shared library libgazebo_ros_force_system.so[0m
[269.106s] [ 48%] Built target args_init
[269.211s] [ 50%] [32mBuilding CXX object test/CMakeFiles/ros_world_plugin.dir/plugins/ros_world_plugin.cpp.o[0m
[270.237s] [ 51%] [32m[1mLinking CXX shared library libcreate_node_without_init.so[0m
[270.905s] [ 51%] Built target gazebo_ros_force_system
[270.970s] [ 53%] [32mBuilding CXX object test/CMakeFiles/sdf_node.dir/plugins/sdf_node.cpp.o[0m
[272.101s] [ 53%] Built target create_node_without_init
[272.219s] [ 55%] [32mBuilding CXX object test/CMakeFiles/test_conversions.dir/test_conversions.cpp.o[0m
[277.644s] [ 56%] [32m[1mLinking CXX shared library libmultiple_nodes.so[0m
[280.095s] [ 56%] Built target multiple_nodes
[280.240s] [ 58%] [32mBuilding CXX object test/CMakeFiles/test_gazebo_ros_factory.dir/test_gazebo_ros_factory.cpp.o[0m
[290.534s] [ 60%] [32m[1mLinking CXX executable test_conversions[0m
[296.471s] [ 60%] Built target test_conversions
[297.536s] [ 62%] [32mBuilding CXX object test/CMakeFiles/test_gazebo_ros_init.dir/test_gazebo_ros_init.cpp.o[0m
[321.138s] [ 63%] [32m[1mLinking CXX shared library libros_world_plugin.so[0m
[322.753s] [ 65%] [32m[1mLinking CXX shared library libsdf_node.so[0m
[323.038s] [ 65%] Built target ros_world_plugin
[324.667s] [ 65%] Built target sdf_node
[327.720s] [ 67%] [32mBuilding CXX object test/CMakeFiles/test_gazebo_ros_link_wrench.dir/test_gazebo_ros_link_wrench.cpp.o[0m
[328.760s] [ 68%] [32mBuilding CXX object test/CMakeFiles/test_gazebo_ros_joint_effort.dir/test_gazebo_ros_joint_effort.cpp.o[0m
[379.461s] [ 70%] [32m[1mLinking CXX executable test_gazebo_ros_factory[0m
[382.319s] /usr/bin/ld: CMakeFiles/test_gazebo_ros_factory.dir/test_gazebo_ros_factory.cpp.o: undefined reference to symbol '_ZN3tbb6detail2r114notify_waitersEm'
[382.319s] /usr/bin/ld: /lib/x86_64-linux-gnu/libtbb.so.12: error adding symbols: DSO missing from command line
[382.330s] collect2: error: ld returned 1 exit status
[382.333s] gmake[2]: *** [test/CMakeFiles/test_gazebo_ros_factory.dir/build.make:254: test/test_gazebo_ros_factory] Error 1
[382.333s] gmake[1]: *** [CMakeFiles/Makefile2:621: test/CMakeFiles/test_gazebo_ros_factory.dir/all] Error 2
[382.333s] gmake[1]: *** Waiting for unfinished jobs....
[385.098s] [ 72%] [32m[1mLinking CXX executable test_gazebo_ros_init[0m
[387.207s] /usr/bin/ld: CMakeFiles/test_gazebo_ros_init.dir/test_gazebo_ros_init.cpp.o: undefined reference to symbol '_ZN3tbb6detail2r114notify_waitersEm'
[387.207s] /usr/bin/ld: /lib/x86_64-linux-gnu/libtbb.so.12: error adding symbols: DSO missing from command line
[387.222s] collect2: error: ld returned 1 exit status
[387.225s] gmake[2]: *** [test/CMakeFiles/test_gazebo_ros_init.dir/build.make:254: test/test_gazebo_ros_init] Error 1
[387.226s] gmake[1]: *** [CMakeFiles/Makefile2:650: test/CMakeFiles/test_gazebo_ros_init.dir/all] Error 2
[407.359s] [ 74%] [32m[1mLinking CXX executable test_gazebo_ros_link_wrench[0m
[408.292s] [ 75%] [32m[1mLinking CXX executable test_gazebo_ros_joint_effort[0m
[409.342s] /usr/bin/ld: CMakeFiles/test_gazebo_ros_link_wrench.dir/test_gazebo_ros_link_wrench.cpp.o: undefined reference to symbol '_ZN3tbb6detail2r114notify_waitersEm'
[409.343s] /usr/bin/ld: /lib/x86_64-linux-gnu/libtbb.so.12: error adding symbols: DSO missing from command line
[409.352s] collect2: error: ld returned 1 exit status
[409.356s] gmake[2]: *** [test/CMakeFiles/test_gazebo_ros_link_wrench.dir/build.make:254: test/test_gazebo_ros_link_wrench] Error 1
[409.357s] gmake[1]: *** [CMakeFiles/Makefile2:708: test/CMakeFiles/test_gazebo_ros_link_wrench.dir/all] Error 2
[410.380s] /usr/bin/ld: CMakeFiles/test_gazebo_ros_joint_effort.dir/test_gazebo_ros_joint_effort.cpp.o: undefined reference to symbol '_ZN3tbb6detail2r114notify_waitersEm'
[410.380s] /usr/bin/ld: /lib/x86_64-linux-gnu/libtbb.so.12: error adding symbols: DSO missing from command line
[410.386s] collect2: error: ld returned 1 exit status
[410.389s] gmake[2]: *** [test/CMakeFiles/test_gazebo_ros_joint_effort.dir/build.make:254: test/test_gazebo_ros_joint_effort] Error 1
[410.389s] gmake[1]: *** [CMakeFiles/Makefile2:679: test/CMakeFiles/test_gazebo_ros_joint_effort.dir/all] Error 2
[410.390s] gmake: *** [Makefile:146: all] Error 2
[410.394s] Invoked command in '/home/jezzy/huskybot/build/gazebo_ros' returned '2': AMENT_PREFIX_PATH=/home/jezzy/huskybot/install/gazebo_msgs:/home/jezzy/huskybot/install/gazebo_dev:${AMENT_PREFIX_PATH} CMAKE_PREFIX_PATH=/home/jezzy/huskybot/install/gazebo_msgs:/home/jezzy/huskybot/install/gazebo_dev:/home/jezzy/huskybot/install/huskybot_recognition:/home/jezzy/huskybot/install/yolov12_msgs:/home/jezzy/huskybot/install/velodyne:/home/jezzy/huskybot/install/velodyne_pointcloud:/home/jezzy/huskybot/install/velodyne_driver:/home/jezzy/huskybot/install/velodyne_msgs:/home/jezzy/huskybot/install/velodyne_laserscan:/home/jezzy/huskybot/install/huskybot_mapping:/home/jezzy/huskybot/install/huskybot_gazebo:/home/jezzy/huskybot/install/huskybot_description:/home/jezzy/huskybot/install/huskybot_control:/home/jezzy/huskybot/install/husky_description:/home/jezzy/huskybot/install/husky_custom_description:/home/jezzy/husky_ws/turtlebot3/install/turtlebot3:/home/jezzy/husky_ws/turtlebot3/install/turtlebot3_simulations:/home/jezzy/husky_ws/turtlebot3/install/turtlebot3_bringup:/home/jezzy/husky_ws/turtlebot3/install/turtlebot3_node:/home/jezzy/husky_ws/turtlebot3/install/turtlebot3_navigation2:/home/jezzy/husky_ws/turtlebot3/install/turtlebot3_fake_node:/home/jezzy/husky_ws/turtlebot3/install/turtlebot3_msgs:/home/jezzy/husky_ws/turtlebot3/install/turtlebot3_gazebo:/home/jezzy/husky_ws/turtlebot3/install/turtlebot3_description:/home/jezzy/husky_ws/turtlebot3/install/turtlebot3_cartographer:/home/jezzy/husky_ws/turtlebot3/install/dynamixel_sdk_examples:/home/jezzy/husky_ws/turtlebot3/install/dynamixel_sdk_custom_interfaces:/home/jezzy/husky_ws/turtlebot3/install/dynamixel_sdk:/home/jezzy/huskybot/install/huskybot_fusion:/home/jezzy/huskybot/install/huskybot_navigation:/home/jezzy/husky_ws/turtlebot3/install/turtlebot3_teleop:/home/jezzy/husky_ws/turtlebot3/install/turtlebot3_example:/home/jezzy/husky_ws/turtlebot3/install/segtect:/home/jezzy/husky_ws/turtlebot3/install/autonomous_exploration:/home/jezzy/husky_ws/lintic/install/yolosed:/home/jezzy/husky_ws/lintic/install/visual:/home/jezzy/husky_ws/lintic/install/segnet:/opt/ros/humble LD_LIBRARY_PATH=/home/jezzy/huskybot/install/gazebo_msgs/lib:/home/jezzy/huskybot/install/yolov12_msgs/lib:/home/jezzy/huskybot/install/velodyne_pointcloud/lib:/home/jezzy/huskybot/install/velodyne_driver/lib:/home/jezzy/huskybot/install/velodyne_msgs/lib:/home/jezzy/huskybot/install/velodyne_laserscan/lib:/home/jezzy/husky_ws/turtlebot3/install/turtlebot3_msgs/lib:/home/jezzy/husky_ws/turtlebot3/install/dynamixel_sdk_custom_interfaces/lib:/home/jezzy/husky_ws/turtlebot3/install/dynamixel_sdk/lib:/usr/lib/x86_64-linux-gnu/gazebo-11/plugins:/opt/ros/humble/opt/rviz_ogre_vendor/lib:/opt/ros/humble/lib/x86_64-linux-gnu:/opt/ros/humble/lib:/usr/share/gazebo/../../lib/x86_64-linux-gnu/gazebo-11/plugins PYTHONPATH=/home/jezzy/huskybot/install/gazebo_msgs/local/lib/python3.10/dist-packages:${PYTHONPATH} /usr/bin/cmake --build /home/jezzy/huskybot/build/gazebo_ros -- -j4 -l4
